<?xml version="1.0" encoding="UTF-8"?>
<!-- Generated by org.testng.reporters.JUnitXMLReporter -->
<testsuite ignored="0" hostname="LAPTOP-8S5CRRGR" failures="0" tests="4" name="Group_Test" time="37.463" errors="0" timestamp="2025-09-03T13:59:20 IST">
  <testcase classname="TestCase.TC003_LoginTest" name="verify_login" time="3.131"/>
  <testcase classname="TestCase.TC003_LoginTest" name="verify_login" time="10.501"/>
  <testcase classname="TestCase.TC003_LoginTest" name="verify_login" time="10.548"/>
  <testcase classname="TestCase.TC003_LoginTest" name="verify_login" time="10.503"/>
</testsuite> <!-- Group_Test -->
