<?xml version="1.0" encoding="UTF-8"?>
<!-- Generated by org.testng.reporters.JUnitXMLReporter -->
<testsuite ignored="0" hostname="DESKTOP-G12S2MB" failures="1" tests="1" name="Test" time="24.152" errors="0" timestamp="2025-08-13T16:45:58 IST">
  <testcase classname="TestCase.TC001_AccRegTest" name="verify_Acc_Registration" time="11.285">
    <failure type="java.lang.AssertionError" message="expected [true] but found [false]">
      <![CDATA[java.lang.AssertionError: expected [true] but found [false]
at TestCase.TC001_AccRegTest.verify_Acc_Registration(TC001_AccRegTest.java:67)
at java.base/java.util.ArrayList.forEach(ArrayList.java:1511)
... Removed 31 stack frames]]>
    </failure>
  </testcase> <!-- verify_Acc_Registration -->
</testsuite> <!-- Test -->
