<?xml version="1.0" encoding="UTF-8"?>
<!-- Generated by org.testng.reporters.JUnitXMLReporter -->
<testsuite ignored="0" hostname="LAPTOP-8S5CRRGR" failures="0" tests="4" name="CrossBrowserTesting_Linux_Chrome" time="54.347" errors="0" timestamp="2025-11-21T08:04:12 IST">
  <testcase classname="TestCase.TC004_LoginTest" name="verify_login" time="8.309"/>
  <testcase classname="TestCase.TC004_LoginTest" name="verify_login" time="13.377"/>
  <testcase classname="TestCase.TC004_LoginTest" name="verify_login" time="13.398"/>
  <testcase classname="TestCase.TC004_LoginTest" name="verify_login" time="13.46"/>
</testsuite> <!-- CrossBrowserTesting_Linux_Chrome -->
