<?xml version="1.0" encoding="UTF-8"?>
<!-- Generated by org.testng.reporters.JUnitXMLReporter -->
<testsuite ignored="0" hostname="LAPTOP-8S5CRRGR" failures="0" tests="4" name="CrossBrowserTesting" time="39.623" errors="0" timestamp="2025-09-10T00:49:49 IST">
  <testcase classname="TestCase.TC004_LoginTest" name="verify_login" time="3.572"/>
  <testcase classname="TestCase.TC004_LoginTest" name="verify_login" time="10.918"/>
  <testcase classname="TestCase.TC004_LoginTest" name="verify_login" time="10.806"/>
  <testcase classname="TestCase.TC004_LoginTest" name="verify_login" time="10.775"/>
</testsuite> <!-- CrossBrowserTesting -->
