<?xml version="1.0" encoding="UTF-8"?>
<!-- Generated by org.testng.reporters.JUnitXMLReporter -->
<testsuite ignored="0" hostname="LAPTOP-8S5CRRGR" failures="0" tests="4" name="CrossBrowserTesting" time="62.838" errors="0" timestamp="2025-09-29T22:12:26 IST">
  <testcase classname="TestCase.TC004_LoginTest" name="verify_login" time="8.082"/>
  <testcase classname="TestCase.TC004_LoginTest" name="verify_login" time="13.426"/>
  <testcase classname="TestCase.TC004_LoginTest" name="verify_login" time="13.514"/>
  <testcase classname="TestCase.TC004_LoginTest" name="verify_login" time="13.394"/>
</testsuite> <!-- CrossBrowserTesting -->
