<?xml version="1.0" encoding="UTF-8"?>
<testng-results ignored="0" total="4" passed="4" failed="0" skipped="0">
  <reporter-output>
  </reporter-output>
  <suite started-at="2025-09-10T00:49:07 IST" name="CrossBrowser_Suite" finished-at="2025-09-10T00:49:47 IST" duration-ms="39623">
    <groups>
      <group name="smoke">
        <method signature="TC004_LoginTest.verify_login(java.lang.String,java.lang.String,java.lang.String)[pri:0, instance:TestCase.TC004_LoginTest@10163d6]" name="verify_login" class="TestCase.TC004_LoginTest"/>
      </group> <!-- smoke -->
    </groups>
    <test started-at="2025-09-10T00:49:07 IST" name="CrossBrowserTesting" finished-at="2025-09-10T00:49:47 IST" duration-ms="39623">
      <class name="TestCase.TC004_LoginTest">
        <test-method is-config="true" signature="setUp(java.lang.String)[pri:0, instance:TestCase.TC004_LoginTest@10163d6]" started-at="2025-09-10T00:49:08 IST" name="setUp" finished-at="2025-09-10T00:49:10 IST" duration-ms="2201" status="PASS">
          <params>
            <param index="0">
              <value>
                <![CDATA[edge]]>
              </value>
            </param>
          </params>
          <reporter-output>
          </reporter-output>
        </test-method> <!-- setUp -->
        <test-method signature="verify_login(java.lang.String,java.lang.String,java.lang.String)[pri:0, instance:TestCase.TC004_LoginTest@10163d6]" started-at="2025-09-10T00:49:11 IST" name="verify_login" data-provider="LoginData" finished-at="2025-09-10T00:49:14 IST" duration-ms="3572" status="PASS">
          <params>
            <param index="0">
              <value>
                <![CDATA[mdjabi99@gmail.com]]>
              </value>
            </param>
            <param index="1">
              <value>
                <![CDATA[Boi@123$*]]>
              </value>
            </param>
            <param index="2">
              <value>
                <![CDATA[Vaild_Data]]>
              </value>
            </param>
          </params>
          <reporter-output>
          </reporter-output>
        </test-method> <!-- verify_login -->
        <test-method signature="verify_login(java.lang.String,java.lang.String,java.lang.String)[pri:0, instance:TestCase.TC004_LoginTest@10163d6]" started-at="2025-09-10T00:49:14 IST" name="verify_login" data-provider="LoginData" finished-at="2025-09-10T00:49:25 IST" duration-ms="10918" status="PASS">
          <params>
            <param index="0">
              <value>
                <![CDATA[mdjabi99@gmail.com]]>
              </value>
            </param>
            <param index="1">
              <value>
                <![CDATA[ee1234**]]>
              </value>
            </param>
            <param index="2">
              <value>
                <![CDATA[Invalid_Data]]>
              </value>
            </param>
          </params>
          <reporter-output>
          </reporter-output>
        </test-method> <!-- verify_login -->
        <test-method signature="verify_login(java.lang.String,java.lang.String,java.lang.String)[pri:0, instance:TestCase.TC004_LoginTest@10163d6]" started-at="2025-09-10T00:49:25 IST" name="verify_login" data-provider="LoginData" finished-at="2025-09-10T00:49:36 IST" duration-ms="10806" status="PASS">
          <params>
            <param index="0">
              <value>
                <![CDATA[mdzabi991@gmail.com]]>
              </value>
            </param>
            <param index="1">
              <value>
                <![CDATA[Boi@123$*]]>
              </value>
            </param>
            <param index="2">
              <value>
                <![CDATA[Invalid_Data]]>
              </value>
            </param>
          </params>
          <reporter-output>
          </reporter-output>
        </test-method> <!-- verify_login -->
        <test-method signature="verify_login(java.lang.String,java.lang.String,java.lang.String)[pri:0, instance:TestCase.TC004_LoginTest@10163d6]" started-at="2025-09-10T00:49:36 IST" name="verify_login" data-provider="LoginData" finished-at="2025-09-10T00:49:47 IST" duration-ms="10775" status="PASS">
          <params>
            <param index="0">
              <value>
                <![CDATA[mdzabi991@gmail.com]]>
              </value>
            </param>
            <param index="1">
              <value>
                <![CDATA[ee1234**]]>
              </value>
            </param>
            <param index="2">
              <value>
                <![CDATA[Invalid_Data]]>
              </value>
            </param>
          </params>
          <reporter-output>
          </reporter-output>
        </test-method> <!-- verify_login -->
        <test-method is-config="true" signature="tearDown()[pri:0, instance:TestCase.TC004_LoginTest@10163d6]" started-at="2025-09-10T00:49:47 IST" name="tearDown" finished-at="2025-09-10T00:49:47 IST" duration-ms="259" status="PASS">
          <reporter-output>
          </reporter-output>
        </test-method> <!-- tearDown -->
      </class> <!-- TestCase.TC004_LoginTest -->
    </test> <!-- CrossBrowserTesting -->
  </suite> <!-- CrossBrowser_Suite -->
</testng-results>
