<?xml version="1.0" encoding="UTF-8"?>
<testng-results ignored="0" total="4" passed="4" failed="0" skipped="0">
  <reporter-output>
  </reporter-output>
  <suite started-at="2025-11-21T08:30:10 IST" name="Suite" finished-at="2025-11-21T08:31:03 IST" duration-ms="52252">
    <groups>
      <group name="smoke">
        <method signature="TC003_LoginTest.verify_login(java.lang.String,java.lang.String,java.lang.String)[pri:0, instance:TestCase.TC003_LoginTest@18b0930f]" name="verify_login" class="TestCase.TC003_LoginTest"/>
      </group> <!-- smoke -->
    </groups>
    <test started-at="2025-11-21T08:30:10 IST" name="Test" finished-at="2025-11-21T08:31:03 IST" duration-ms="52252">
      <class name="TestCase.TC003_LoginTest">
        <test-method is-config="true" signature="setUp(java.lang.String,java.lang.String)[pri:0, instance:TestCase.TC003_LoginTest@18b0930f]" started-at="2025-11-21T08:30:11 IST" name="setUp" finished-at="2025-11-21T08:30:14 IST" duration-ms="3133" status="PASS">
          <params>
            <param index="0">
              <value>
                <![CDATA[chrome]]>
              </value>
            </param>
            <param index="1">
              <value>
                <![CDATA[Windows]]>
              </value>
            </param>
          </params>
          <reporter-output>
          </reporter-output>
        </test-method> <!-- setUp -->
        <test-method signature="verify_login(java.lang.String,java.lang.String,java.lang.String)[pri:0, instance:TestCase.TC003_LoginTest@18b0930f]" started-at="2025-11-21T08:30:16 IST" name="verify_login" data-provider="LoginData" finished-at="2025-11-21T08:30:22 IST" duration-ms="6802" status="PASS">
          <params>
            <param index="0">
              <value>
                <![CDATA[mdjabi99@gmail.com]]>
              </value>
            </param>
            <param index="1">
              <value>
                <![CDATA[Boi@123$*]]>
              </value>
            </param>
            <param index="2">
              <value>
                <![CDATA[Vaild_Data]]>
              </value>
            </param>
          </params>
          <reporter-output>
          </reporter-output>
        </test-method> <!-- verify_login -->
        <test-method signature="verify_login(java.lang.String,java.lang.String,java.lang.String)[pri:0, instance:TestCase.TC003_LoginTest@18b0930f]" started-at="2025-11-21T08:30:23 IST" name="verify_login" data-provider="LoginData" finished-at="2025-11-21T08:30:36 IST" duration-ms="13251" status="PASS">
          <params>
            <param index="0">
              <value>
                <![CDATA[mdjabi99@gmail.com]]>
              </value>
            </param>
            <param index="1">
              <value>
                <![CDATA[ee1234**]]>
              </value>
            </param>
            <param index="2">
              <value>
                <![CDATA[Invalid_Data]]>
              </value>
            </param>
          </params>
          <reporter-output>
          </reporter-output>
        </test-method> <!-- verify_login -->
        <test-method signature="verify_login(java.lang.String,java.lang.String,java.lang.String)[pri:0, instance:TestCase.TC003_LoginTest@18b0930f]" started-at="2025-11-21T08:30:36 IST" name="verify_login" data-provider="LoginData" finished-at="2025-11-21T08:30:49 IST" duration-ms="13102" status="PASS">
          <params>
            <param index="0">
              <value>
                <![CDATA[mdzabi991@gmail.com]]>
              </value>
            </param>
            <param index="1">
              <value>
                <![CDATA[Boi@123$*]]>
              </value>
            </param>
            <param index="2">
              <value>
                <![CDATA[Invalid_Data]]>
              </value>
            </param>
          </params>
          <reporter-output>
          </reporter-output>
        </test-method> <!-- verify_login -->
        <test-method signature="verify_login(java.lang.String,java.lang.String,java.lang.String)[pri:0, instance:TestCase.TC003_LoginTest@18b0930f]" started-at="2025-11-21T08:30:49 IST" name="verify_login" data-provider="LoginData" finished-at="2025-11-21T08:31:02 IST" duration-ms="13157" status="PASS">
          <params>
            <param index="0">
              <value>
                <![CDATA[mdzabi991@gmail.com]]>
              </value>
            </param>
            <param index="1">
              <value>
                <![CDATA[ee1234**]]>
              </value>
            </param>
            <param index="2">
              <value>
                <![CDATA[Invalid_Data]]>
              </value>
            </param>
          </params>
          <reporter-output>
          </reporter-output>
        </test-method> <!-- verify_login -->
        <test-method is-config="true" signature="tearDown()[pri:0, instance:TestCase.TC003_LoginTest@18b0930f]" started-at="2025-11-21T08:31:02 IST" name="tearDown" finished-at="2025-11-21T08:31:03 IST" duration-ms="469" status="PASS">
          <reporter-output>
          </reporter-output>
        </test-method> <!-- tearDown -->
      </class> <!-- TestCase.TC003_LoginTest -->
    </test> <!-- Test -->
  </suite> <!-- Suite -->
</testng-results>
