<?xml version="1.0" encoding="UTF-8"?>
<!-- Generated by org.testng.reporters.JUnitReportReporter -->
<testsuite hostname="LAPTOP-8S5CRRGR" failures="0" tests="4" name="TestCase.TC003_LoginTest" time="46.312" errors="0" timestamp="2025-11-21T08:31:04 IST" skipped="0">
  <testcase classname="TestCase.TC003_LoginTest" name="verify_login" time="13.102"/>
  <testcase classname="TestCase.TC003_LoginTest" name="verify_login" time="13.157"/>
  <testcase classname="TestCase.TC003_LoginTest" name="verify_login" time="6.802"/>
  <testcase classname="TestCase.TC003_LoginTest" name="verify_login" time="13.251"/>
</testsuite> <!-- TestCase.TC003_LoginTest -->
