<?xml version="1.0" encoding="UTF-8"?>
<!-- Generated by org.testng.reporters.JUnitReportReporter -->
<testsuite hostname="LAPTOP-8S5CRRGR" failures="0" tests="4" name="TestCase.TC004_LoginTest" time="48.544" errors="0" timestamp="2025-11-21T08:04:12 IST" skipped="0">
  <testcase classname="TestCase.TC004_LoginTest" name="verify_login" time="8.309"/>
  <testcase classname="TestCase.TC004_LoginTest" name="verify_login" time="13.377"/>
  <testcase classname="TestCase.TC004_LoginTest" name="verify_login" time="13.398"/>
  <testcase classname="TestCase.TC004_LoginTest" name="verify_login" time="13.460"/>
</testsuite> <!-- TestCase.TC004_LoginTest -->
